d:\repos\fusionxr\extensions\template\debug\vc143.pdb
d:\repos\fusionxr\extensions\template\debug\vc143.idb
d:\repos\fusionxr\extensions\template\debug\edittime.obj
d:\repos\fusionxr\extensions\template\debug\fusionxr.obj
d:\repos\fusionxr\extensions\template\debug\general.obj
d:\repos\fusionxr\extensions\template\debug\main.obj
d:\repos\fusionxr\extensions\template\debug\runtime.obj
d:\repos\fusionxr\extensions\template\debug\template.mfx
d:\repos\fusionxr\extensions\template\debug\template.pdb
d:\repos\fusionxr\extensions\template\debug\ext.res
d:\repos\fusionxr\extensions\template\debug\template.lib
d:\repos\fusionxr\extensions\template\debug\template.exp
d:\repos\fusionxr\extensions\template\debug\template.ilk
d:\repos\fusionxr\extensions\template\debug\template.tlog\cl.command.1.tlog
d:\repos\fusionxr\extensions\template\debug\template.tlog\cl.items.tlog
d:\repos\fusionxr\extensions\template\debug\template.tlog\cl.read.1.tlog
d:\repos\fusionxr\extensions\template\debug\template.tlog\cl.write.1.tlog
d:\repos\fusionxr\extensions\template\debug\template.tlog\link.command.1.tlog
d:\repos\fusionxr\extensions\template\debug\template.tlog\link.read.1.tlog
d:\repos\fusionxr\extensions\template\debug\template.tlog\link.secondary.1.tlog
d:\repos\fusionxr\extensions\template\debug\template.tlog\link.write.1.tlog
d:\repos\fusionxr\extensions\template\debug\template.tlog\rc.command.1.tlog
d:\repos\fusionxr\extensions\template\debug\template.tlog\rc.read.1.tlog
d:\repos\fusionxr\extensions\template\debug\template.tlog\rc.write.1.tlog
